<?xml version="1.0" encoding="UTF-8"?>
<!-- Generated by org.testng.reporters.JUnitReportReporter -->
<testsuite hostname="USPLBRJ651BLNB" name="apptest.WP_CadastroInvalido" tests="1" failures="0" timestamp="8 Mar 2018 18:03:47 GMT" time="129.319" errors="0">
  <testcase name="testTeste_cadastro_campos_invalidos" time="129.319" classname="apptest.WP_CadastroInvalido"/>
</testsuite> <!-- apptest.WP_CadastroInvalido -->
