<?xml version="1.0" encoding="UTF-8"?>
<!-- Generated by org.testng.reporters.JUnitReportReporter -->
<testsuite hostname="USPLBRJ651BLNB" name="apptest.WP_RecuperarSenha" tests="1" failures="0" timestamp="8 Mar 2018 18:03:47 GMT" time="167.821" errors="0">
  <testcase name="testTeste_recuperar_senha_e_logar" time="167.821" classname="apptest.WP_RecuperarSenha"/>
</testsuite> <!-- apptest.WP_RecuperarSenha -->
