<?xml version="1.0" encoding="UTF-8"?>
<!-- Generated by org.testng.reporters.JUnitReportReporter -->
<testsuite hostname="USPLBRJ651BLNB" name="apptest.WP_CadastroEmBranco" tests="1" failures="0" timestamp="8 Mar 2018 18:03:47 GMT" time="78.296" errors="0">
  <testcase name="testedecadastrobranco" time="78.296" classname="apptest.WP_CadastroEmBranco"/>
</testsuite> <!-- apptest.WP_CadastroEmBranco -->
