<?xml version="1.0" encoding="UTF-8"?>
<!-- Generated by org.testng.reporters.JUnitReportReporter -->
<testsuite hostname="USPL5VDR0L2" name="apptest.WP_CadastroEmBranco" tests="1" failures="0" timestamp="8 Mar 2018 13:42:47 GMT" time="77.428" errors="0">
  <testcase name="testedecadastrobranco" time="77.428" classname="apptest.WP_CadastroEmBranco"/>
</testsuite> <!-- apptest.WP_CadastroEmBranco -->
