<?xml version="1.0" encoding="UTF-8"?>
<!-- Generated by org.testng.reporters.JUnitReportReporter -->
<testsuite hostname="USPL5VDR0L2" name="apptest.WP_Login" tests="1" failures="0" timestamp="13 Mar 2018 18:47:31 GMT" time="72.346" errors="0">
  <testcase name="testeinteracaoproduto" time="72.346" classname="apptest.WP_Login"/>
</testsuite> <!-- apptest.WP_Login -->
