<?xml version="1.0" encoding="UTF-8"?>
<!-- Generated by org.testng.reporters.JUnitReportReporter -->
<testsuite hostname="USPL5VDR0L2" name="apptest.WP_CadastroInvalido" tests="1" failures="0" timestamp="12 Mar 2018 15:06:07 GMT" time="110.294" errors="0">
  <testcase name="testTeste_cadastro_campos_invalidos" time="110.294" classname="apptest.WP_CadastroInvalido"/>
</testsuite> <!-- apptest.WP_CadastroInvalido -->
