<?xml version="1.0" encoding="UTF-8"?>
<!-- Generated by org.testng.reporters.JUnitReportReporter -->
<testsuite hostname="USPL5VDR0L2" name="apptest.WP_InteracaoProduto" tests="1" failures="0" timestamp="15 Mar 2018 12:28:51 GMT" time="124.527" errors="0">
  <testcase name="testeinteracaoproduto" time="124.527" classname="apptest.WP_InteracaoProduto"/>
</testsuite> <!-- apptest.WP_InteracaoProduto -->
